This is pdfTeX, Version 3.141592653-2.6-1.40.25 (TeX Live 2023) (preloaded format=pdflatex 2023.7.20)  20 JUL 2023 17:44
entering extended mode
 restricted \write18 enabled.
 file:line:error style messages enabled.
 %&-line parsing enabled.
**/Users/josh/Library/CloudStorage/Dropbox/gsu-quarto-dissertation-template/_extensions/gsuthesis/before-body.tex
(/Users/josh/Library/CloudStorage/Dropbox/gsu-quarto-dissertation-template/_extensions/gsuthesis/before-body.tex
LaTeX2e <2023-06-01> patch level 1
L3 programming layer <2023-06-30>

/Users/josh/Library/CloudStorage/Dropbox/gsu-quarto-dissertation-template/_extensions/gsuthesis/before-body.tex:2: LaTeX Error: \usepackage before \documentclass.

See the LaTeX manual or LaTeX Companion for explanation.
Type  H <return>  for immediate help.
 ...                                              
                                                  
l.2 \usepackage{
                amsmath}
\usepackage may only appear in the document preamble, i.e.,
between \documentclass and \begin{document}.


/Users/josh/Library/CloudStorage/Dropbox/gsu-quarto-dissertation-template/_extensions/gsuthesis/before-body.tex:3: LaTeX Error: \usepackage before \documentclass.

See the LaTeX manual or LaTeX Companion for explanation.
Type  H <return>  for immediate help.
 ...                                              
                                                  
l.3 \usepackage{
                textcomp}
\usepackage may only appear in the document preamble, i.e.,
between \documentclass and \begin{document}.


/Users/josh/Library/CloudStorage/Dropbox/gsu-quarto-dissertation-template/_extensions/gsuthesis/before-body.tex:4: LaTeX Error: \usepackage before \documentclass.

See the LaTeX manual or LaTeX Companion for explanation.
Type  H <return>  for immediate help.
 ...                                              
                                                  
l.4 \usepackage{
                gensymb}
\usepackage may only appear in the document preamble, i.e.,
between \documentclass and \begin{document}.


/Users/josh/Library/CloudStorage/Dropbox/gsu-quarto-dissertation-template/_extensions/gsuthesis/before-body.tex:5: LaTeX Error: \usepackage before \documentclass.

See the LaTeX manual or LaTeX Companion for explanation.
Type  H <return>  for immediate help.
 ...                                              
                                                  
l.5 \usepackage{
                bookmark} % added to see what happens
\usepackage may only appear in the document preamble, i.e.,
between \documentclass and \begin{document}.


/Users/josh/Library/CloudStorage/Dropbox/gsu-quarto-dissertation-template/_extensions/gsuthesis/before-body.tex:6: LaTeX Error: \usepackage before \documentclass.

See the LaTeX manual or LaTeX Companion for explanation.
Type  H <return>  for immediate help.
 ...                                              
                                                  
l.6 \usepackage{
                framed} % added to see what happens. These two packages were...
\usepackage may only appear in the document preamble, i.e.,
between \documentclass and \begin{document}.


/Users/josh/Library/CloudStorage/Dropbox/gsu-quarto-dissertation-template/_extensions/gsuthesis/before-body.tex:12: LaTeX Error: \usepackage before \documentclass.

See the LaTeX manual or LaTeX Companion for explanation.
Type  H <return>  for immediate help.
 ...                                              
                                                  
l.12 \usepackage{
                 xcolor}
\usepackage may only appear in the document preamble, i.e.,
between \documentclass and \begin{document}.


/Users/josh/Library/CloudStorage/Dropbox/gsu-quarto-dissertation-template/_extensions/gsuthesis/before-body.tex:31: LaTeX Error: Environment abstract undefined.

See the LaTeX manual or LaTeX Companion for explanation.
Type  H <return>  for immediate help.
 ...                                              
                                                  
l.31 \renewenvironment{abstract}
                                {
Try typing  <return>  to proceed.
If that doesn't work, type  X <return>  to quit.


/Users/josh/Library/CloudStorage/Dropbox/gsu-quarto-dissertation-template/_extensions/gsuthesis/before-body.tex:43: LaTeX Error: Command \contentsname undefined.

See the LaTeX manual or LaTeX Companion for explanation.
Type  H <return>  for immediate help.
 ...                                              
                                                  
l.43 \renewcommand{\contentsname}
                                 {Table of Contents}
Try typing  <return>  to proceed.
If that doesn't work, type  X <return>  to quit.


/Users/josh/Library/CloudStorage/Dropbox/gsu-quarto-dissertation-template/_extensions/gsuthesis/before-body.tex:54: LaTeX Error: Missing \begin{document}.

See the LaTeX manual or LaTeX Companion for explanation.
Type  H <return>  for immediate help.
 ...                                              
                                                  
l.54 $
      if(biblatex)$
You're in trouble here.  Try typing  <return>  to proceed.
If that doesn't work, type  X <return>  to quit.

LaTeX Font Info:    External font `cmex10' loaded for size
(Font)              <7> on input line 54.
LaTeX Font Info:    External font `cmex10' loaded for size
(Font)              <5> on input line 54.

/Users/josh/Library/CloudStorage/Dropbox/gsu-quarto-dissertation-template/_extensions/gsuthesis/before-body.tex:59: LaTeX Error: \usepackage before \documentclass.

See the LaTeX manual or LaTeX Companion for explanation.
Type  H <return>  for immediate help.
 ...                                              
                                                  
l.59 ...options)$$biblatexoptions$$sep$,$endfor$]{
                                                  biblatex-chicago}
\usepackage may only appear in the document preamble, i.e.,
between \documentclass and \begin{document}.


/Users/josh/Library/CloudStorage/Dropbox/gsu-quarto-dissertation-template/_extensions/gsuthesis/before-body.tex:61: LaTeX Error: \usepackage before \documentclass.

See the LaTeX manual or LaTeX Companion for explanation.
Type  H <return>  for immediate help.
 ...                                              
                                                  
l.61 ...options)$$biblatexoptions$$sep$,$endfor$]{
                                                  biblatex}
\usepackage may only appear in the document preamble, i.e.,
between \documentclass and \begin{document}.


Overfull \hbox (71.67274pt too wide) in paragraph at lines 54--63
[]$\OML/cmm/m/it/10 if\OT1/cmr/m/n/10 (\OML/cmm/m/it/10 biblatex\OT1/cmr/m/n/10 )$
 []


Overfull \hbox (55.56165pt too wide) in paragraph at lines 54--63
\OML/cmm/m/it/10 if\OT1/cmr/m/n/10 (\OML/cmm/m/it/10 biblatex \OMS/cmsy/m/n/10 ^^@
 []


Overfull \hbox (37.01231pt too wide) in paragraph at lines 54--63
\OML/cmm/m/it/10 chicago\OT1/cmr/m/n/10 )$
 []


Overfull \hbox (17.1806pt too wide) in paragraph at lines 54--63
\OML/cmm/m/it/10 else$
 []


Overfull \hbox (25.28087pt too wide) in paragraph at lines 54--63
\OML/cmm/m/it/10 endif$ 
 []

/Users/josh/Library/CloudStorage/Dropbox/gsu-quarto-dissertation-template/_extensions/gsuthesis/before-body.tex:64: Undefined control sequence.
<argument> \bibitemsep 
                       
l.64 \setlength\bibitemsep{0pt}
                                 % No space between bib entries
The control sequence at the end of the top line
of your error message was never \def'ed. If you have
misspelled it (e.g., `\hobx'), type `I' and the correct
spelling (e.g., `I\hbox'). Otherwise just continue,
and I'll forget about whatever was undefined.


/Users/josh/Library/CloudStorage/Dropbox/gsu-quarto-dissertation-template/_extensions/gsuthesis/before-body.tex:64: LaTeX Error: Missing \begin{document}.

See the LaTeX manual or LaTeX Companion for explanation.
Type  H <return>  for immediate help.
 ...                                              
                                                  
l.64 \setlength\bibitemsep{0pt}
                                 % No space between bib entries
You're in trouble here.  Try typing  <return>  to proceed.
If that doesn't work, type  X <return>  to quit.

Missing character: There is no 0 in font nullfont!
Missing character: There is no p in font nullfont!
Missing character: There is no t in font nullfont!
/Users/josh/Library/CloudStorage/Dropbox/gsu-quarto-dissertation-template/_extensions/gsuthesis/before-body.tex:65: Undefined control sequence.
<argument> \bibhang 
                    
l.65 \setlength\bibhang{\parindent}
                                     % Match document indentation
The control sequence at the end of the top line
of your error message was never \def'ed. If you have
misspelled it (e.g., `\hobx'), type `I' and the correct
spelling (e.g., `I\hbox'). Otherwise just continue,
and I'll forget about whatever was undefined.

/Users/josh/Library/CloudStorage/Dropbox/gsu-quarto-dissertation-template/_extensions/gsuthesis/before-body.tex:65: Missing number, treated as zero.
<to be read again> 
                   \relax 
l.65 \setlength\bibhang{\parindent}
                                     % Match document indentation
A number should have been here; I inserted `0'.
(If you can't figure out why I needed to see a number,
look up `weird error' in the index to The TeXbook.)

/Users/josh/Library/CloudStorage/Dropbox/gsu-quarto-dissertation-template/_extensions/gsuthesis/before-body.tex:65: Illegal unit of measure (pt inserted).
<to be read again> 
                   \relax 
l.65 \setlength\bibhang{\parindent}
                                     % Match document indentation
Dimensions can be in units of em, ex, in, pt, pc,
cm, mm, dd, cc, nd, nc, bp, or sp; but yours is a new one!
I'll assume that you meant to say pt, for printer's points.
To recover gracefully from this error, it's best to
delete the erroneous units; e.g., type `2' to delete
two letters. (See Chapter 27 of The TeXbook.)


Overfull \hbox (20.0pt too wide) in paragraph at lines 64--66
[]
 []

/Users/josh/Library/CloudStorage/Dropbox/gsu-quarto-dissertation-template/_extensions/gsuthesis/before-body.tex:68: Undefined control sequence.
l.68 \renewbibmacro
                   {in:}{%
The control sequence at the end of the top line
of your error message was never \def'ed. If you have
misspelled it (e.g., `\hobx'), type `I' and the correct
spelling (e.g., `I\hbox'). Otherwise just continue,
and I'll forget about whatever was undefined.


/Users/josh/Library/CloudStorage/Dropbox/gsu-quarto-dissertation-template/_extensions/gsuthesis/before-body.tex:68: LaTeX Error: Missing \begin{document}.

See the LaTeX manual or LaTeX Companion for explanation.
Type  H <return>  for immediate help.
 ...                                              
                                                  
l.68 \renewbibmacro{i
                     n:}{%
You're in trouble here.  Try typing  <return>  to proceed.
If that doesn't work, type  X <return>  to quit.

Missing character: There is no i in font nullfont!
Missing character: There is no n in font nullfont!
Missing character: There is no : in font nullfont!
/Users/josh/Library/CloudStorage/Dropbox/gsu-quarto-dissertation-template/_extensions/gsuthesis/before-body.tex:69: Undefined control sequence.
l.69   \ifentrytype
                   {article}{}{%
The control sequence at the end of the top line
of your error message was never \def'ed. If you have
misspelled it (e.g., `\hobx'), type `I' and the correct
spelling (e.g., `I\hbox'). Otherwise just continue,
and I'll forget about whatever was undefined.

Missing character: There is no a in font nullfont!
Missing character: There is no r in font nullfont!
Missing character: There is no t in font nullfont!
Missing character: There is no i in font nullfont!
Missing character: There is no c in font nullfont!
Missing character: There is no l in font nullfont!
Missing character: There is no e in font nullfont!
/Users/josh/Library/CloudStorage/Dropbox/gsu-quarto-dissertation-template/_extensions/gsuthesis/before-body.tex:70: Undefined control sequence.
l.70   \printtext
                 {\bibstring{}\intitlepunct}}}
The control sequence at the end of the top line
of your error message was never \def'ed. If you have
misspelled it (e.g., `\hobx'), type `I' and the correct
spelling (e.g., `I\hbox'). Otherwise just continue,
and I'll forget about whatever was undefined.

/Users/josh/Library/CloudStorage/Dropbox/gsu-quarto-dissertation-template/_extensions/gsuthesis/before-body.tex:70: Undefined control sequence.
l.70   \printtext{\bibstring
                            {}\intitlepunct}}}
The control sequence at the end of the top line
of your error message was never \def'ed. If you have
misspelled it (e.g., `\hobx'), type `I' and the correct
spelling (e.g., `I\hbox'). Otherwise just continue,
and I'll forget about whatever was undefined.

/Users/josh/Library/CloudStorage/Dropbox/gsu-quarto-dissertation-template/_extensions/gsuthesis/before-body.tex:70: Undefined control sequence.
l.70   \printtext{\bibstring{}\intitlepunct
                                           }}}
The control sequence at the end of the top line
of your error message was never \def'ed. If you have
misspelled it (e.g., `\hobx'), type `I' and the correct
spelling (e.g., `I\hbox'). Otherwise just continue,
and I'll forget about whatever was undefined.

/Users/josh/Library/CloudStorage/Dropbox/gsu-quarto-dissertation-template/_extensions/gsuthesis/before-body.tex:72: Undefined control sequence.
l.72 \addbibresource
                    {$bibliography$}
The control sequence at the end of the top line
of your error message was never \def'ed. If you have
misspelled it (e.g., `\hobx'), type `I' and the correct
spelling (e.g., `I\hbox'). Otherwise just continue,
and I'll forget about whatever was undefined.


/Users/josh/Library/CloudStorage/Dropbox/gsu-quarto-dissertation-template/_extensions/gsuthesis/before-body.tex:72: LaTeX Error: Missing \begin{document}.

See the LaTeX manual or LaTeX Companion for explanation.
Type  H <return>  for immediate help.
 ...                                              
                                                  
l.72 \addbibresource{$
                      bibliography$}
You're in trouble here.  Try typing  <return>  to proceed.
If that doesn't work, type  X <return>  to quit.


Overfull \hbox (54.75952pt too wide) in paragraph at lines 72--73
[]$\OML/cmm/m/it/10 bibliography$ 
 []

/Users/josh/Library/CloudStorage/Dropbox/gsu-quarto-dissertation-template/_extensions/gsuthesis/before-body.tex:75: Undefined control sequence.
<argument> \bibitemsep 
                       
l.75 \setlength\bibitemsep{0pt}
                                 % No space between bib entries
The control sequence at the end of the top line
of your error message was never \def'ed. If you have
misspelled it (e.g., `\hobx'), type `I' and the correct
spelling (e.g., `I\hbox'). Otherwise just continue,
and I'll forget about whatever was undefined.


/Users/josh/Library/CloudStorage/Dropbox/gsu-quarto-dissertation-template/_extensions/gsuthesis/before-body.tex:75: LaTeX Error: Missing \begin{document}.

See the LaTeX manual or LaTeX Companion for explanation.
Type  H <return>  for immediate help.
 ...                                              
                                                  
l.75 \setlength\bibitemsep{0pt}
                                 % No space between bib entries
You're in trouble here.  Try typing  <return>  to proceed.
If that doesn't work, type  X <return>  to quit.

Missing character: There is no 0 in font nullfont!
Missing character: There is no p in font nullfont!
Missing character: There is no t in font nullfont!
/Users/josh/Library/CloudStorage/Dropbox/gsu-quarto-dissertation-template/_extensions/gsuthesis/before-body.tex:76: Undefined control sequence.
<argument> \bibhang 
                    
l.76 \setlength\bibhang{\parindent}
                                     % Match document indentation
The control sequence at the end of the top line
of your error message was never \def'ed. If you have
misspelled it (e.g., `\hobx'), type `I' and the correct
spelling (e.g., `I\hbox'). Otherwise just continue,
and I'll forget about whatever was undefined.

/Users/josh/Library/CloudStorage/Dropbox/gsu-quarto-dissertation-template/_extensions/gsuthesis/before-body.tex:76: Missing number, treated as zero.
<to be read again> 
                   \relax 
l.76 \setlength\bibhang{\parindent}
                                     % Match document indentation
A number should have been here; I inserted `0'.
(If you can't figure out why I needed to see a number,
look up `weird error' in the index to The TeXbook.)

/Users/josh/Library/CloudStorage/Dropbox/gsu-quarto-dissertation-template/_extensions/gsuthesis/before-body.tex:76: Illegal unit of measure (pt inserted).
<to be read again> 
                   \relax 
l.76 \setlength\bibhang{\parindent}
                                     % Match document indentation
Dimensions can be in units of em, ex, in, pt, pc,
cm, mm, dd, cc, nd, nc, bp, or sp; but yours is a new one!
I'll assume that you meant to say pt, for printer's points.
To recover gracefully from this error, it's best to
delete the erroneous units; e.g., type `2' to delete
two letters. (See Chapter 27 of The TeXbook.)

/Users/josh/Library/CloudStorage/Dropbox/gsu-quarto-dissertation-template/_extensions/gsuthesis/before-body.tex:79: Undefined control sequence.
l.79 \renewbibmacro
                   {in:}{%
The control sequence at the end of the top line
of your error message was never \def'ed. If you have
misspelled it (e.g., `\hobx'), type `I' and the correct
spelling (e.g., `I\hbox'). Otherwise just continue,
and I'll forget about whatever was undefined.


/Users/josh/Library/CloudStorage/Dropbox/gsu-quarto-dissertation-template/_extensions/gsuthesis/before-body.tex:79: LaTeX Error: Missing \begin{document}.

See the LaTeX manual or LaTeX Companion for explanation.
Type  H <return>  for immediate help.
 ...                                              
                                                  
l.79 \renewbibmacro{i
                     n:}{%
You're in trouble here.  Try typing  <return>  to proceed.
If that doesn't work, type  X <return>  to quit.

Missing character: There is no i in font nullfont!
Missing character: There is no n in font nullfont!
Missing character: There is no : in font nullfont!
/Users/josh/Library/CloudStorage/Dropbox/gsu-quarto-dissertation-template/_extensions/gsuthesis/before-body.tex:80: Undefined control sequence.
l.80   \ifentrytype
                   {article}{}{%
The control sequence at the end of the top line
of your error message was never \def'ed. If you have
misspelled it (e.g., `\hobx'), type `I' and the correct
spelling (e.g., `I\hbox'). Otherwise just continue,
and I'll forget about whatever was undefined.

Missing character: There is no a in font nullfont!
Missing character: There is no r in font nullfont!
Missing character: There is no t in font nullfont!
Missing character: There is no i in font nullfont!
Missing character: There is no c in font nullfont!
Missing character: There is no l in font nullfont!
Missing character: There is no e in font nullfont!
/Users/josh/Library/CloudStorage/Dropbox/gsu-quarto-dissertation-template/_extensions/gsuthesis/before-body.tex:81: Undefined control sequence.
l.81   \printtext
                 {\bibstring{}\intitlepunct}}}
The control sequence at the end of the top line
of your error message was never \def'ed. If you have
misspelled it (e.g., `\hobx'), type `I' and the correct
spelling (e.g., `I\hbox'). Otherwise just continue,
and I'll forget about whatever was undefined.

/Users/josh/Library/CloudStorage/Dropbox/gsu-quarto-dissertation-template/_extensions/gsuthesis/before-body.tex:81: Undefined control sequence.
l.81   \printtext{\bibstring
                            {}\intitlepunct}}}
The control sequence at the end of the top line
of your error message was never \def'ed. If you have
misspelled it (e.g., `\hobx'), type `I' and the correct
spelling (e.g., `I\hbox'). Otherwise just continue,
and I'll forget about whatever was undefined.

/Users/josh/Library/CloudStorage/Dropbox/gsu-quarto-dissertation-template/_extensions/gsuthesis/before-body.tex:81: Undefined control sequence.
l.81   \printtext{\bibstring{}\intitlepunct
                                           }}}
The control sequence at the end of the top line
of your error message was never \def'ed. If you have
misspelled it (e.g., `\hobx'), type `I' and the correct
spelling (e.g., `I\hbox'). Otherwise just continue,
and I'll forget about whatever was undefined.

/Users/josh/Library/CloudStorage/Dropbox/gsu-quarto-dissertation-template/_extensions/gsuthesis/before-body.tex:83: Undefined control sequence.
l.83 \addbibresource
                    {$bibliography$}
The control sequence at the end of the top line
of your error message was never \def'ed. If you have
misspelled it (e.g., `\hobx'), type `I' and the correct
spelling (e.g., `I\hbox'). Otherwise just continue,
and I'll forget about whatever was undefined.


/Users/josh/Library/CloudStorage/Dropbox/gsu-quarto-dissertation-template/_extensions/gsuthesis/before-body.tex:83: LaTeX Error: Missing \begin{document}.

See the LaTeX manual or LaTeX Companion for explanation.
Type  H <return>  for immediate help.
 ...                                              
                                                  
l.83 \addbibresource{$
                      bibliography$}
You're in trouble here.  Try typing  <return>  to proceed.
If that doesn't work, type  X <return>  to quit.


Overfull \hbox (54.75952pt too wide) in paragraph at lines 83--84
[]$\OML/cmm/m/it/10 bibliography$ 
 []


/Users/josh/Library/CloudStorage/Dropbox/gsu-quarto-dissertation-template/_extensions/gsuthesis/before-body.tex:86: LaTeX Error: Missing \begin{document}.

See the LaTeX manual or LaTeX Companion for explanation.
Type  H <return>  for immediate help.
 ...                                              
                                                  
l.86 $
      if(listings)$
You're in trouble here.  Try typing  <return>  to proceed.
If that doesn't work, type  X <return>  to quit.


/Users/josh/Library/CloudStorage/Dropbox/gsu-quarto-dissertation-template/_extensions/gsuthesis/before-body.tex:87: LaTeX Error: \usepackage before \documentclass.

See the LaTeX manual or LaTeX Companion for explanation.
Type  H <return>  for immediate help.
 ...                                              
                                                  
l.87 \usepackage{
                 listings}
\usepackage may only appear in the document preamble, i.e.,
between \documentclass and \begin{document}.


Overfull \hbox (51.38295pt too wide) in paragraph at lines 86--89
[]$\OML/cmm/m/it/10 if\OT1/cmr/m/n/10 (\OML/cmm/m/it/10 listings\OT1/cmr/m/n/10 )$
 []


Overfull \hbox (25.28087pt too wide) in paragraph at lines 86--89
\OML/cmm/m/it/10 endif$ 
 []


/Users/josh/Library/CloudStorage/Dropbox/gsu-quarto-dissertation-template/_extensions/gsuthesis/before-body.tex:91: LaTeX Error: Missing \begin{document}.

See the LaTeX manual or LaTeX Companion for explanation.
Type  H <return>  for immediate help.
 ...                                              
                                                  
l.91 $
      if(highlighting-macros)$
You're in trouble here.  Try typing  <return>  to proceed.
If that doesn't work, type  X <return>  to quit.


/Users/josh/Library/CloudStorage/Dropbox/gsu-quarto-dissertation-template/_extensions/gsuthesis/before-body.tex:95: LaTeX Error: \usepackage before \documentclass.

See the LaTeX manual or LaTeX Companion for explanation.
Type  H <return>  for immediate help.
 ...                                              
                                                  
l.95 \usepackage{
                 graphicx}
\usepackage may only appear in the document preamble, i.e.,
between \documentclass and \begin{document}.


/Users/josh/Library/CloudStorage/Dropbox/gsu-quarto-dissertation-template/_extensions/gsuthesis/before-body.tex:96: LaTeX Error: \usepackage before \documentclass.

See the LaTeX manual or LaTeX Companion for explanation.
Type  H <return>  for immediate help.
 ...                                              
                                                  
l.96 \usepackage{
                 epstopdf}
\usepackage may only appear in the document preamble, i.e.,
between \documentclass and \begin{document}.


/Users/josh/Library/CloudStorage/Dropbox/gsu-quarto-dissertation-template/_extensions/gsuthesis/before-body.tex:97: LaTeX Error: \usepackage before \documentclass.

See the LaTeX manual or LaTeX Companion for explanation.
Type  H <return>  for immediate help.
 ...                                              
                                                  
l.97 \usepackage{
                 longtable}
\usepackage may only appear in the document preamble, i.e.,
between \documentclass and \begin{document}.


Overfull \hbox (76.88365pt too wide) in paragraph at lines 91--98
[]$\OML/cmm/m/it/10 if\OT1/cmr/m/n/10 (\OML/cmm/m/it/10 highlighting \OMS/cmsy/m/n/10 ^^@
 []


Overfull \hbox (36.60658pt too wide) in paragraph at lines 91--98
\OML/cmm/m/it/10 macros\OT1/cmr/m/n/10 )$
 []


Overfull \hbox (63.57736pt too wide) in paragraph at lines 91--98
\OML/cmm/m/it/10 highlighting \OMS/cmsy/m/n/10 ^^@
 []


Overfull \hbox (32.71768pt too wide) in paragraph at lines 91--98
\OML/cmm/m/it/10 macros$
 []


Overfull \hbox (25.28087pt too wide) in paragraph at lines 91--98
\OML/cmm/m/it/10 endif$
 []


/Users/josh/Library/CloudStorage/Dropbox/gsu-quarto-dissertation-template/_extensions/gsuthesis/before-body.tex:100: LaTeX Error: \usepackage before \documentclass.

See the LaTeX manual or LaTeX Companion for explanation.
Type  H <return>  for immediate help.
 ...                                              
                                                  
l.100 \usepackage{
                  appendix}
\usepackage may only appear in the document preamble, i.e.,
between \documentclass and \begin{document}.


/Users/josh/Library/CloudStorage/Dropbox/gsu-quarto-dissertation-template/_extensions/gsuthesis/before-body.tex:103: LaTeX Error: \usepackage before \documentclass.

See the LaTeX manual or LaTeX Companion for explanation.
Type  H <return>  for immediate help.
 ...                                              
                                                  
l.103 \usepackage{
                  pdflscape}
\usepackage may only appear in the document preamble, i.e.,
between \documentclass and \begin{document}.


/Users/josh/Library/CloudStorage/Dropbox/gsu-quarto-dissertation-template/_extensions/gsuthesis/before-body.tex:106: LaTeX Error: \usepackage before \documentclass.

See the LaTeX manual or LaTeX Companion for explanation.
Type  H <return>  for immediate help.
 ...                                              
                                                  
l.106 \usepackage{
                  booktabs}
\usepackage may only appear in the document preamble, i.e.,
between \documentclass and \begin{document}.


/Users/josh/Library/CloudStorage/Dropbox/gsu-quarto-dissertation-template/_extensions/gsuthesis/before-body.tex:109: LaTeX Error: \usepackage before \documentclass.

See the LaTeX manual or LaTeX Companion for explanation.
Type  H <return>  for immediate help.
 ...                                              
                                                  
l.109 \usepackage{
                  caption}
\usepackage may only appear in the document preamble, i.e.,
between \documentclass and \begin{document}.


/Users/josh/Library/CloudStorage/Dropbox/gsu-quarto-dissertation-template/_extensions/gsuthesis/before-body.tex:112: LaTeX Error: \usepackage before \documentclass.

See the LaTeX manual or LaTeX Companion for explanation.
Type  H <return>  for immediate help.
 ...                                              
                                                  
l.112 \usepackage{
                  microtype}
\usepackage may only appear in the document preamble, i.e.,
between \documentclass and \begin{document}.


/Users/josh/Library/CloudStorage/Dropbox/gsu-quarto-dissertation-template/_extensions/gsuthesis/before-body.tex:115: LaTeX Error: \usepackage before \documentclass.

See the LaTeX manual or LaTeX Companion for explanation.
Type  H <return>  for immediate help.
 ...                                              
                                                  
l.115 \usepackage{
                  float}
\usepackage may only appear in the document preamble, i.e.,
between \documentclass and \begin{document}.


/Users/josh/Library/CloudStorage/Dropbox/gsu-quarto-dissertation-template/_extensions/gsuthesis/before-body.tex:118: LaTeX Error: \usepackage before \documentclass.

See the LaTeX manual or LaTeX Companion for explanation.
Type  H <return>  for immediate help.
 ...                                              
                                                  
l.118 \usepackage[margin=1in]{
                              geometry}
\usepackage may only appear in the document preamble, i.e.,
between \documentclass and \begin{document}.


/Users/josh/Library/CloudStorage/Dropbox/gsu-quarto-dissertation-template/_extensions/gsuthesis/before-body.tex:126: LaTeX Error: \usepackage before \documentclass.

See the LaTeX manual or LaTeX Companion for explanation.
Type  H <return>  for immediate help.
 ...                                              
                                                  
l.126 \usepackage{
                  setspace}
\usepackage may only appear in the document preamble, i.e.,
between \documentclass and \begin{document}.

/Users/josh/Library/CloudStorage/Dropbox/gsu-quarto-dissertation-template/_extensions/gsuthesis/before-body.tex:127: Undefined control sequence.
l.127 \doublespacing
                    
The control sequence at the end of the top line
of your error message was never \def'ed. If you have
misspelled it (e.g., `\hobx'), type `I' and the correct
spelling (e.g., `I\hbox'). Otherwise just continue,
and I'll forget about whatever was undefined.


/Users/josh/Library/CloudStorage/Dropbox/gsu-quarto-dissertation-template/_extensions/gsuthesis/before-body.tex:130: LaTeX Error: \usepackage before \documentclass.

See the LaTeX manual or LaTeX Companion for explanation.
Type  H <return>  for immediate help.
 ...                                              
                                                  
l.130 \usepackage{
                  titlesec}
\usepackage may only appear in the document preamble, i.e.,
between \documentclass and \begin{document}.

/Users/josh/Library/CloudStorage/Dropbox/gsu-quarto-dissertation-template/_extensions/gsuthesis/before-body.tex:131: Undefined control sequence.
l.131 \titleformat
                  *{\section}{\fontsize{12}{15}\bfseries}
The control sequence at the end of the top line
of your error message was never \def'ed. If you have
misspelled it (e.g., `\hobx'), type `I' and the correct
spelling (e.g., `I\hbox'). Otherwise just continue,
and I'll forget about whatever was undefined.


/Users/josh/Library/CloudStorage/Dropbox/gsu-quarto-dissertation-template/_extensions/gsuthesis/before-body.tex:131: LaTeX Error: Missing \begin{document}.

See the LaTeX manual or LaTeX Companion for explanation.
Type  H <return>  for immediate help.
 ...                                              
                                                  
l.131 \titleformat*
                   {\section}{\fontsize{12}{15}\bfseries}
You're in trouble here.  Try typing  <return>  to proceed.
If that doesn't work, type  X <return>  to quit.

Missing character: There is no * in font nullfont!
/Users/josh/Library/CloudStorage/Dropbox/gsu-quarto-dissertation-template/_extensions/gsuthesis/before-body.tex:131: Undefined control sequence.
l.131 \titleformat*{\section
                            }{\fontsize{12}{15}\bfseries}
The control sequence at the end of the top line
of your error message was never \def'ed. If you have
misspelled it (e.g., `\hobx'), type `I' and the correct
spelling (e.g., `I\hbox'). Otherwise just continue,
and I'll forget about whatever was undefined.

/Users/josh/Library/CloudStorage/Dropbox/gsu-quarto-dissertation-template/_extensions/gsuthesis/before-body.tex:132: Undefined control sequence.
l.132 \titleformat
                  *{\subsection}{\fontsize{12}{15}\bfseries}
The control sequence at the end of the top line
of your error message was never \def'ed. If you have
misspelled it (e.g., `\hobx'), type `I' and the correct
spelling (e.g., `I\hbox'). Otherwise just continue,
and I'll forget about whatever was undefined.

Missing character: There is no * in font nullfont!
/Users/josh/Library/CloudStorage/Dropbox/gsu-quarto-dissertation-template/_extensions/gsuthesis/before-body.tex:132: Undefined control sequence.
l.132 \titleformat*{\subsection
                               }{\fontsize{12}{15}\bfseries}
The control sequence at the end of the top line
of your error message was never \def'ed. If you have
misspelled it (e.g., `\hobx'), type `I' and the correct
spelling (e.g., `I\hbox'). Otherwise just continue,
and I'll forget about whatever was undefined.

/Users/josh/Library/CloudStorage/Dropbox/gsu-quarto-dissertation-template/_extensions/gsuthesis/before-body.tex:133: Undefined control sequence.
l.133 \titleformat
                  *{\subsubsection}{\fontsize{12}{15}\bfseries}
The control sequence at the end of the top line
of your error message was never \def'ed. If you have
misspelled it (e.g., `\hobx'), type `I' and the correct
spelling (e.g., `I\hbox'). Otherwise just continue,
and I'll forget about whatever was undefined.

Missing character: There is no * in font nullfont!
/Users/josh/Library/CloudStorage/Dropbox/gsu-quarto-dissertation-template/_extensions/gsuthesis/before-body.tex:133: Undefined control sequence.
l.133 \titleformat*{\subsubsection
                                  }{\fontsize{12}{15}\bfseries}
The control sequence at the end of the top line
of your error message was never \def'ed. If you have
misspelled it (e.g., `\hobx'), type `I' and the correct
spelling (e.g., `I\hbox'). Otherwise just continue,
and I'll forget about whatever was undefined.

/Users/josh/Library/CloudStorage/Dropbox/gsu-quarto-dissertation-template/_extensions/gsuthesis/before-body.tex:139: Undefined control sequence.
l.139 \titleformat
                  {\chapter}[display]
The control sequence at the end of the top line
of your error message was never \def'ed. If you have
misspelled it (e.g., `\hobx'), type `I' and the correct
spelling (e.g., `I\hbox'). Otherwise just continue,
and I'll forget about whatever was undefined.

/Users/josh/Library/CloudStorage/Dropbox/gsu-quarto-dissertation-template/_extensions/gsuthesis/before-body.tex:139: Undefined control sequence.
l.139 \titleformat{\chapter
                           }[display]
The control sequence at the end of the top line
of your error message was never \def'ed. If you have
misspelled it (e.g., `\hobx'), type `I' and the correct
spelling (e.g., `I\hbox'). Otherwise just continue,
and I'll forget about whatever was undefined.


/Users/josh/Library/CloudStorage/Dropbox/gsu-quarto-dissertation-template/_extensions/gsuthesis/before-body.tex:139: LaTeX Error: Missing \begin{document}.

See the LaTeX manual or LaTeX Companion for explanation.
Type  H <return>  for immediate help.
 ...                                              
                                                  
l.139 \titleformat{\chapter}[
                             display]
You're in trouble here.  Try typing  <return>  to proceed.
If that doesn't work, type  X <return>  to quit.

Missing character: There is no [ in font nullfont!
Missing character: There is no d in font nullfont!
Missing character: There is no i in font nullfont!
Missing character: There is no s in font nullfont!
Missing character: There is no p in font nullfont!
Missing character: There is no l in font nullfont!
Missing character: There is no a in font nullfont!
Missing character: There is no y in font nullfont!
Missing character: There is no ] in font nullfont!
/Users/josh/Library/CloudStorage/Dropbox/gsu-quarto-dissertation-template/_extensions/gsuthesis/before-body.tex:141: Undefined control sequence.
l.141 {\chaptertitlename
                        \ \thechapter}{12pt}
The control sequence at the end of the top line
of your error message was never \def'ed. If you have
misspelled it (e.g., `\hobx'), type `I' and the correct
spelling (e.g., `I\hbox'). Otherwise just continue,
and I'll forget about whatever was undefined.

/Users/josh/Library/CloudStorage/Dropbox/gsu-quarto-dissertation-template/_extensions/gsuthesis/before-body.tex:141: Undefined control sequence.
l.141 {\chaptertitlename\ \thechapter
                                     }{12pt}
The control sequence at the end of the top line
of your error message was never \def'ed. If you have
misspelled it (e.g., `\hobx'), type `I' and the correct
spelling (e.g., `I\hbox'). Otherwise just continue,
and I'll forget about whatever was undefined.

Missing character: There is no 1 in font nullfont!
Missing character: There is no 2 in font nullfont!
Missing character: There is no p in font nullfont!
Missing character: There is no t in font nullfont!

/Users/josh/Library/CloudStorage/Dropbox/gsu-quarto-dissertation-template/_extensions/gsuthesis/before-body.tex:146: LaTeX Error: \usepackage before \documentclass.

See the LaTeX manual or LaTeX Companion for explanation.
Type  H <return>  for immediate help.
 ...                                              
                                                  
l.146 \usepackage{
                  hyperref}
\usepackage may only appear in the document preamble, i.e.,
between \documentclass and \begin{document}.

/Users/josh/Library/CloudStorage/Dropbox/gsu-quarto-dissertation-template/_extensions/gsuthesis/before-body.tex:147: Undefined control sequence.
l.147 \hypersetup
                 {
The control sequence at the end of the top line
of your error message was never \def'ed. If you have
misspelled it (e.g., `\hobx'), type `I' and the correct
spelling (e.g., `I\hbox'). Otherwise just continue,
and I'll forget about whatever was undefined.


/Users/josh/Library/CloudStorage/Dropbox/gsu-quarto-dissertation-template/_extensions/gsuthesis/before-body.tex:148: LaTeX Error: Missing \begin{document}.

See the LaTeX manual or LaTeX Companion for explanation.
Type  H <return>  for immediate help.
 ...                                              
                                                  
l.148     c
           olorlinks,
You're in trouble here.  Try typing  <return>  to proceed.
If that doesn't work, type  X <return>  to quit.

Missing character: There is no c in font nullfont!
Missing character: There is no o in font nullfont!
Missing character: There is no l in font nullfont!
Missing character: There is no o in font nullfont!
Missing character: There is no r in font nullfont!
Missing character: There is no l in font nullfont!
Missing character: There is no i in font nullfont!
Missing character: There is no n in font nullfont!
Missing character: There is no k in font nullfont!
Missing character: There is no s in font nullfont!
Missing character: There is no , in font nullfont!
Missing character: There is no c in font nullfont!
Missing character: There is no i in font nullfont!
Missing character: There is no t in font nullfont!
Missing character: There is no e in font nullfont!
Missing character: There is no c in font nullfont!
Missing character: There is no o in font nullfont!
Missing character: There is no l in font nullfont!
Missing character: There is no o in font nullfont!
Missing character: There is no r in font nullfont!
Missing character: There is no = in font nullfont!
Missing character: There is no b in font nullfont!
Missing character: There is no l in font nullfont!
Missing character: There is no a in font nullfont!
Missing character: There is no c in font nullfont!
Missing character: There is no k in font nullfont!
Missing character: There is no , in font nullfont!
Missing character: There is no f in font nullfont!
Missing character: There is no i in font nullfont!
Missing character: There is no l in font nullfont!
Missing character: There is no e in font nullfont!
Missing character: There is no c in font nullfont!
Missing character: There is no o in font nullfont!
Missing character: There is no l in font nullfont!
Missing character: There is no o in font nullfont!
Missing character: There is no r in font nullfont!
Missing character: There is no = in font nullfont!
Missing character: There is no b in font nullfont!
Missing character: There is no l in font nullfont!
Missing character: There is no a in font nullfont!
Missing character: There is no c in font nullfont!
Missing character: There is no k in font nullfont!
Missing character: There is no , in font nullfont!
Missing character: There is no l in font nullfont!
Missing character: There is no i in font nullfont!
Missing character: There is no n in font nullfont!
Missing character: There is no k in font nullfont!
Missing character: There is no c in font nullfont!
Missing character: There is no o in font nullfont!
Missing character: There is no l in font nullfont!
Missing character: There is no o in font nullfont!
Missing character: There is no r in font nullfont!
Missing character: There is no = in font nullfont!
Missing character: There is no b in font nullfont!
Missing character: There is no l in font nullfont!
Missing character: There is no a in font nullfont!
Missing character: There is no c in font nullfont!
Missing character: There is no k in font nullfont!
Missing character: There is no , in font nullfont!
Missing character: There is no p in font nullfont!
Missing character: There is no d in font nullfont!
Missing character: There is no f in font nullfont!
Missing character: There is no k in font nullfont!
Missing character: There is no e in font nullfont!
Missing character: There is no y in font nullfont!
Missing character: There is no w in font nullfont!
Missing character: There is no o in font nullfont!
Missing character: There is no r in font nullfont!
Missing character: There is no d in font nullfont!
Missing character: There is no s in font nullfont!
Missing character: There is no = in font nullfont!
Missing character: There is no , in font nullfont!
Missing character: There is no u in font nullfont!
Missing character: There is no r in font nullfont!
Missing character: There is no l in font nullfont!
Missing character: There is no c in font nullfont!
Missing character: There is no o in font nullfont!
Missing character: There is no l in font nullfont!
Missing character: There is no o in font nullfont!
Missing character: There is no r in font nullfont!
Missing character: There is no = in font nullfont!
Missing character: There is no b in font nullfont!
Missing character: There is no l in font nullfont!
Missing character: There is no a in font nullfont!
Missing character: There is no c in font nullfont!
Missing character: There is no k in font nullfont!
Missing character: There is no , in font nullfont!
Missing character: There is no l in font nullfont!
Missing character: There is no i in font nullfont!
Missing character: There is no n in font nullfont!
Missing character: There is no k in font nullfont!
Missing character: There is no t in font nullfont!
Missing character: There is no o in font nullfont!
Missing character: There is no c in font nullfont!
Missing character: There is no = in font nullfont!
Missing character: There is no a in font nullfont!
Missing character: There is no l in font nullfont!
Missing character: There is no l in font nullfont!

Overfull \hbox (117.8929pt too wide) in paragraph at lines 148--155
\OML/cmm/m/it/10 if\OT1/cmr/m/n/10 (\OML/cmm/m/it/10 keyword\OT1/cmr/m/n/10 )$$\OML/cmm/m/it/10 keyword$$endif$
 []


/Users/josh/Library/CloudStorage/Dropbox/gsu-quarto-dissertation-template/_extensions/gsuthesis/before-body.tex:157: LaTeX Error: \usepackage before \documentclass.

See the LaTeX manual or LaTeX Companion for explanation.
Type  H <return>  for immediate help.
 ...                                              
                                                  
l.157 \usepackage[all,defaultlines=2]{
                                      nowidow}
\usepackage may only appear in the document preamble, i.e.,
between \documentclass and \begin{document}.


/Users/josh/Library/CloudStorage/Dropbox/gsu-quarto-dissertation-template/_extensions/gsuthesis/before-body.tex:161: LaTeX Error: Missing \begin{document}.

See the LaTeX manual or LaTeX Companion for explanation.
Type  H <return>  for immediate help.
 ...                                              
                                                  
l.161 \begin{center}
                    
You're in trouble here.  Try typing  <return>  to proceed.
If that doesn't work, type  X <return>  to quit.

/Users/josh/Library/CloudStorage/Dropbox/gsu-quarto-dissertation-template/_extensions/gsuthesis/before-body.tex:162: Undefined control sequence.
<argument> ...empdima \@parboxrestore \setstretch 
                                                  {2}\centering \titlediss \...
l.162 ...idth}{\setstretch{2}\centering\titlediss}
                                                  
The control sequence at the end of the top line
of your error message was never \def'ed. If you have
misspelled it (e.g., `\hobx'), type `I' and the correct
spelling (e.g., `I\hbox'). Otherwise just continue,
and I'll forget about whatever was undefined.

Missing character: There is no 2 in font nullfont!

Overfull \hbox (8191.99998pt too wide) in paragraph at lines 162--163
 []$ 
 []

Missing character: There is no b in font nullfont!
Missing character: There is no y in font nullfont!
Missing character: There is no U in font nullfont!
Missing character: There is no n in font nullfont!
Missing character: There is no d in font nullfont!
Missing character: There is no e in font nullfont!
Missing character: There is no r in font nullfont!
Missing character: There is no t in font nullfont!
Missing character: There is no h in font nullfont!
Missing character: There is no e in font nullfont!
Missing character: There is no D in font nullfont!
Missing character: There is no i in font nullfont!
Missing character: There is no r in font nullfont!
Missing character: There is no e in font nullfont!
Missing character: There is no c in font nullfont!
Missing character: There is no t in font nullfont!
Missing character: There is no i in font nullfont!
Missing character: There is no o in font nullfont!
Missing character: There is no n in font nullfont!
Missing character: There is no o in font nullfont!
Missing character: There is no f in font nullfont!
Missing character: There is no , in font nullfont!
Missing character: There is no P in font nullfont!
Missing character: There is no h in font nullfont!
Missing character: There is no D in font nullfont!
Missing character: There is no A in font nullfont!
Missing character: There is no D in font nullfont!
Missing character: There is no i in font nullfont!
Missing character: There is no s in font nullfont!
Missing character: There is no s in font nullfont!
Missing character: There is no e in font nullfont!
Missing character: There is no r in font nullfont!
Missing character: There is no t in font nullfont!
Missing character: There is no a in font nullfont!
Missing character: There is no t in font nullfont!
Missing character: There is no i in font nullfont!
Missing character: There is no o in font nullfont!
Missing character: There is no n in font nullfont!
Missing character: There is no S in font nullfont!
Missing character: There is no u in font nullfont!
Missing character: There is no b in font nullfont!
Missing character: There is no m in font nullfont!
Missing character: There is no i in font nullfont!
Missing character: There is no t in font nullfont!
Missing character: There is no t in font nullfont!
Missing character: There is no e in font nullfont!
Missing character: There is no d in font nullfont!
Missing character: There is no i in font nullfont!
Missing character: There is no n in font nullfont!
Missing character: There is no P in font nullfont!
Missing character: There is no a in font nullfont!
Missing character: There is no r in font nullfont!
Missing character: There is no t in font nullfont!
Missing character: There is no i in font nullfont!
Missing character: There is no a in font nullfont!
Missing character: There is no l in font nullfont!
Missing character: There is no F in font nullfont!
Missing character: There is no u in font nullfont!
Missing character: There is no l in font nullfont!
Missing character: There is no f in font nullfont!
Missing character: There is no i in font nullfont!
Missing character: There is no l in font nullfont!
Missing character: There is no l in font nullfont!
Missing character: There is no m in font nullfont!
Missing character: There is no e in font nullfont!
Missing character: There is no n in font nullfont!
Missing character: There is no t in font nullfont!
Missing character: There is no o in font nullfont!
Missing character: There is no f in font nullfont!
Missing character: There is no t in font nullfont!
Missing character: There is no h in font nullfont!
Missing character: There is no e in font nullfont!
Missing character: There is no R in font nullfont!
Missing character: There is no e in font nullfont!
Missing character: There is no q in font nullfont!
Missing character: There is no u in font nullfont!
Missing character: There is no i in font nullfont!
Missing character: There is no r in font nullfont!
Missing character: There is no e in font nullfont!
Missing character: There is no m in font nullfont!
Missing character: There is no e in font nullfont!
Missing character: There is no n in font nullfont!
Missing character: There is no t in font nullfont!
Missing character: There is no s in font nullfont!
Missing character: There is no o in font nullfont!
Missing character: There is no f in font nullfont!
Missing character: There is no D in font nullfont!
Missing character: There is no o in font nullfont!
Missing character: There is no c in font nullfont!
Missing character: There is no t in font nullfont!
Missing character: There is no o in font nullfont!
Missing character: There is no r in font nullfont!
Missing character: There is no o in font nullfont!
Missing character: There is no f in font nullfont!
Missing character: There is no P in font nullfont!
Missing character: There is no h in font nullfont!
Missing character: There is no i in font nullfont!
Missing character: There is no l in font nullfont!
Missing character: There is no o in font nullfont!
Missing character: There is no s in font nullfont!
Missing character: There is no o in font nullfont!
Missing character: There is no p in font nullfont!
Missing character: There is no h in font nullfont!
Missing character: There is no y in font nullfont!
Missing character: There is no i in font nullfont!
Missing character: There is no n in font nullfont!
Missing character: There is no t in font nullfont!
Missing character: There is no h in font nullfont!
Missing character: There is no e in font nullfont!
Missing character: There is no C in font nullfont!
Missing character: There is no o in font nullfont!
Missing character: There is no l in font nullfont!
Missing character: There is no l in font nullfont!
Missing character: There is no e in font nullfont!
Missing character: There is no g in font nullfont!
Missing character: There is no e in font nullfont!
Missing character: There is no o in font nullfont!
Missing character: There is no f in font nullfont!
Missing character: There is no A in font nullfont!
Missing character: There is no r in font nullfont!
Missing character: There is no t in font nullfont!
Missing character: There is no s in font nullfont!
Missing character: There is no a in font nullfont!
Missing character: There is no n in font nullfont!
Missing character: There is no d in font nullfont!
Missing character: There is no S in font nullfont!
Missing character: There is no c in font nullfont!
Missing character: There is no i in font nullfont!
Missing character: There is no e in font nullfont!
Missing character: There is no n in font nullfont!
Missing character: There is no c in font nullfont!
Missing character: There is no e in font nullfont!
Missing character: There is no s in font nullfont!
Missing character: There is no G in font nullfont!
Missing character: There is no e in font nullfont!
Missing character: There is no o in font nullfont!
Missing character: There is no r in font nullfont!
Missing character: There is no g in font nullfont!
Missing character: There is no i in font nullfont!
Missing character: There is no a in font nullfont!
Missing character: There is no S in font nullfont!
Missing character: There is no t in font nullfont!
Missing character: There is no a in font nullfont!
Missing character: There is no t in font nullfont!
Missing character: There is no e in font nullfont!
Missing character: There is no U in font nullfont!
Missing character: There is no n in font nullfont!
Missing character: There is no i in font nullfont!
Missing character: There is no v in font nullfont!
Missing character: There is no e in font nullfont!
Missing character: There is no r in font nullfont!
Missing character: There is no s in font nullfont!
Missing character: There is no i in font nullfont!
Missing character: There is no t in font nullfont!
Missing character: There is no y in font nullfont!

/Users/josh/Library/CloudStorage/Dropbox/gsu-quarto-dissertation-template/_extensions/gsuthesis/before-body.tex:179: LaTeX Error: The font size command \normalsize is not defined:
               there is probably something wrong with the class file.

See the LaTeX manual or LaTeX Companion for explanation.
Type  H <return>  for immediate help.
 ...                                              
                                                  
l.179   \newpage
                
Your command was ignored.
Type  I <command> <return>  to replace it with another command,
or  <return>  to continue without it.

[1{/Users/josh/Library/TinyTeX/texmf-var/fonts/map/pdftex/updmap/pdftex.map}]
Missing character: There is no A in font nullfont!
Missing character: There is no B in font nullfont!
Missing character: There is no S in font nullfont!
Missing character: There is no T in font nullfont!
Missing character: There is no R in font nullfont!
Missing character: There is no A in font nullfont!
Missing character: There is no C in font nullfont!
Missing character: There is no T in font nullfont!
Missing character: There is no t in font nullfont!
Missing character: There is no h in font nullfont!
Missing character: There is no i in font nullfont!
Missing character: There is no s in font nullfont!
Missing character: There is no m in font nullfont!
Missing character: There is no a in font nullfont!
Missing character: There is no y in font nullfont!
Missing character: There is no h in font nullfont!
Missing character: There is no a in font nullfont!
Missing character: There is no v in font nullfont!
Missing character: There is no e in font nullfont!
Missing character: There is no t in font nullfont!
Missing character: There is no o in font nullfont!
Missing character: There is no b in font nullfont!
Missing character: There is no e in font nullfont!
Missing character: There is no d in font nullfont!
Missing character: There is no o in font nullfont!
Missing character: There is no n in font nullfont!
Missing character: There is no e in font nullfont!
Missing character: There is no i in font nullfont!
Missing character: There is no n in font nullfont!
Missing character: There is no h in font nullfont!
Missing character: There is no e in font nullfont!
Missing character: There is no r in font nullfont!
Missing character: There is no e in font nullfont!

/Users/josh/Library/CloudStorage/Dropbox/gsu-quarto-dissertation-template/_extensions/gsuthesis/before-body.tex:191: LaTeX Error: Environment singlespace undefined.

See the LaTeX manual or LaTeX Companion for explanation.
Type  H <return>  for immediate help.
 ...                                              
                                                  
l.191   \begin{singlespace}
                           
Your command was ignored.
Type  I <command> <return>  to replace it with another command,
or  <return>  to continue without it.


/Users/josh/Library/CloudStorage/Dropbox/gsu-quarto-dissertation-template/_extensions/gsuthesis/before-body.tex:196: LaTeX Error: \begin{document} ended by \end{singlespace}.

See the LaTeX manual or LaTeX Companion for explanation.
Type  H <return>  for immediate help.
 ...                                              
                                                  
l.196   \end{singlespace}
                         
Your command was ignored.
Type  I <command> <return>  to replace it with another command,
or  <return>  to continue without it.


Overfull \hbox (157.15451pt too wide) in paragraph at lines 193--197
$\OML/cmm/m/it/10 for\OT1/cmr/m/n/10 (\OML/cmm/m/it/10 indexwords\OT1/cmr/m/n/10 )$$\OML/cmm/m/it/10 indexwords$$endfor$
 []


Overfull \hbox (325.215pt too wide) in paragraph at lines 193--197
[]
 []


/Users/josh/Library/CloudStorage/Dropbox/gsu-quarto-dissertation-template/_extensions/gsuthesis/before-body.tex:198: LaTeX Error: The font size command \normalsize is not defined:
               there is probably something wrong with the class file.

See the LaTeX manual or LaTeX Companion for explanation.
Type  H <return>  for immediate help.
 ...                                              
                                                  
l.198   \newpage
                
Your command was ignored.
Type  I <command> <return>  to replace it with another command,
or  <return>  to continue without it.

[2]
/Users/josh/Library/CloudStorage/Dropbox/gsu-quarto-dissertation-template/_extensions/gsuthesis/before-body.tex:207: Undefined control sequence.
<argument> ...empdima \@parboxrestore \setstretch 
                                                  {1} \begin {center} Copyri...
l.207       \end{center}}
                         
The control sequence at the end of the top line
of your error message was never \def'ed. If you have
misspelled it (e.g., `\hobx'), type `I' and the correct
spelling (e.g., `I\hbox'). Otherwise just continue,
and I'll forget about whatever was undefined.

Missing character: There is no 1 in font nullfont!
Missing character: There is no C in font nullfont!
Missing character: There is no o in font nullfont!
Missing character: There is no p in font nullfont!
Missing character: There is no y in font nullfont!
Missing character: There is no r in font nullfont!
Missing character: There is no i in font nullfont!
Missing character: There is no g in font nullfont!
Missing character: There is no h in font nullfont!
Missing character: There is no t in font nullfont!
Missing character: There is no b in font nullfont!
Missing character: There is no y in font nullfont!

Overfull \hbox (8191.99998pt too wide) in paragraph at lines 207--208
 []$ 
 []


/Users/josh/Library/CloudStorage/Dropbox/gsu-quarto-dissertation-template/_extensions/gsuthesis/before-body.tex:210: LaTeX Error: The font size command \normalsize is not defined:
               there is probably something wrong with the class file.

See the LaTeX manual or LaTeX Companion for explanation.
Type  H <return>  for immediate help.
 ...                                              
                                                  
l.210   \newpage
                
Your command was ignored.
Type  I <command> <return>  to replace it with another command,
or  <return>  to continue without it.

[3]
/Users/josh/Library/CloudStorage/Dropbox/gsu-quarto-dissertation-template/_extensions/gsuthesis/before-body.tex:219: Undefined control sequence.
<argument> ...empdima \@parboxrestore \setstretch 
                                                  {2}\centering \titlediss \...
l.219 ...dth}{\setstretch{2}\centering \titlediss}
                                                  
The control sequence at the end of the top line
of your error message was never \def'ed. If you have
misspelled it (e.g., `\hobx'), type `I' and the correct
spelling (e.g., `I\hbox'). Otherwise just continue,
and I'll forget about whatever was undefined.

Missing character: There is no 2 in font nullfont!

Overfull \hbox (8191.99998pt too wide) in paragraph at lines 219--220
 []$ 
 []

Missing character: There is no b in font nullfont!
Missing character: There is no y in font nullfont!
Missing character: There is no C in font nullfont!
Missing character: There is no o in font nullfont!
Missing character: There is no m in font nullfont!
Missing character: There is no m in font nullfont!
Missing character: There is no i in font nullfont!
Missing character: There is no t in font nullfont!
Missing character: There is no t in font nullfont!
Missing character: There is no e in font nullfont!
Missing character: There is no e in font nullfont!
Missing character: There is no C in font nullfont!
Missing character: There is no h in font nullfont!
Missing character: There is no a in font nullfont!
Missing character: There is no i in font nullfont!
Missing character: There is no r in font nullfont!
Missing character: There is no : in font nullfont!
Missing character: There is no C in font nullfont!
Missing character: There is no o in font nullfont!
Missing character: There is no m in font nullfont!
Missing character: There is no m in font nullfont!
Missing character: There is no i in font nullfont!
Missing character: There is no t in font nullfont!
Missing character: There is no t in font nullfont!
Missing character: There is no e in font nullfont!
Missing character: There is no e in font nullfont!
Missing character: There is no : in font nullfont!

Underfull \hbox (badness 10000) in paragraph at lines 230--232

 []


Underfull \hbox (badness 10000) in paragraph at lines 230--232

 []


Overfull \hbox (5406.74997pt too wide) in paragraph at lines 228--241
[][] 
 []

/Users/josh/Library/CloudStorage/Dropbox/gsu-quarto-dissertation-template/_extensions/gsuthesis/before-body.tex:248: Undefined control sequence.
<argument> ...empdima \@parboxrestore \setstretch 
                                                  {2} Electronic Version App...
l.248     }
           
The control sequence at the end of the top line
of your error message was never \def'ed. If you have
misspelled it (e.g., `\hobx'), type `I' and the correct
spelling (e.g., `I\hbox'). Otherwise just continue,
and I'll forget about whatever was undefined.

Missing character: There is no 2 in font nullfont!
Missing character: There is no E in font nullfont!
Missing character: There is no l in font nullfont!
Missing character: There is no e in font nullfont!
Missing character: There is no c in font nullfont!
Missing character: There is no t in font nullfont!
Missing character: There is no r in font nullfont!
Missing character: There is no o in font nullfont!
Missing character: There is no n in font nullfont!
Missing character: There is no i in font nullfont!
Missing character: There is no c in font nullfont!
Missing character: There is no V in font nullfont!
Missing character: There is no e in font nullfont!
Missing character: There is no r in font nullfont!
Missing character: There is no s in font nullfont!
Missing character: There is no i in font nullfont!
Missing character: There is no o in font nullfont!
Missing character: There is no n in font nullfont!
Missing character: There is no A in font nullfont!
Missing character: There is no p in font nullfont!
Missing character: There is no p in font nullfont!
Missing character: There is no r in font nullfont!
Missing character: There is no o in font nullfont!
Missing character: There is no v in font nullfont!
Missing character: There is no e in font nullfont!
Missing character: There is no d in font nullfont!
Missing character: There is no : in font nullfont!
Missing character: There is no O in font nullfont!
Missing character: There is no f in font nullfont!
Missing character: There is no f in font nullfont!
Missing character: There is no i in font nullfont!
Missing character: There is no c in font nullfont!
Missing character: There is no e in font nullfont!
Missing character: There is no o in font nullfont!
Missing character: There is no f in font nullfont!
Missing character: There is no G in font nullfont!
Missing character: There is no r in font nullfont!
Missing character: There is no a in font nullfont!
Missing character: There is no d in font nullfont!
Missing character: There is no u in font nullfont!
Missing character: There is no a in font nullfont!
Missing character: There is no t in font nullfont!
Missing character: There is no e in font nullfont!
Missing character: There is no S in font nullfont!
Missing character: There is no t in font nullfont!
Missing character: There is no u in font nullfont!
Missing character: There is no d in font nullfont!
Missing character: There is no i in font nullfont!
Missing character: There is no e in font nullfont!
Missing character: There is no s in font nullfont!
Missing character: There is no C in font nullfont!
Missing character: There is no o in font nullfont!
Missing character: There is no l in font nullfont!
Missing character: There is no l in font nullfont!
Missing character: There is no e in font nullfont!
Missing character: There is no g in font nullfont!
Missing character: There is no e in font nullfont!
Missing character: There is no o in font nullfont!
Missing character: There is no f in font nullfont!
Missing character: There is no A in font nullfont!
Missing character: There is no r in font nullfont!
Missing character: There is no t in font nullfont!
Missing character: There is no s in font nullfont!
Missing character: There is no a in font nullfont!
Missing character: There is no n in font nullfont!
Missing character: There is no d in font nullfont!
Missing character: There is no S in font nullfont!
Missing character: There is no c in font nullfont!
Missing character: There is no i in font nullfont!
Missing character: There is no e in font nullfont!
Missing character: There is no n in font nullfont!
Missing character: There is no c in font nullfont!
Missing character: There is no e in font nullfont!
Missing character: There is no s in font nullfont!
Missing character: There is no G in font nullfont!
Missing character: There is no e in font nullfont!
Missing character: There is no o in font nullfont!
Missing character: There is no r in font nullfont!
Missing character: There is no g in font nullfont!
Missing character: There is no i in font nullfont!
Missing character: There is no a in font nullfont!
Missing character: There is no S in font nullfont!
Missing character: There is no t in font nullfont!
Missing character: There is no a in font nullfont!
Missing character: There is no t in font nullfont!
Missing character: There is no e in font nullfont!
Missing character: There is no U in font nullfont!
Missing character: There is no n in font nullfont!
Missing character: There is no i in font nullfont!
Missing character: There is no v in font nullfont!
Missing character: There is no e in font nullfont!
Missing character: There is no r in font nullfont!
Missing character: There is no s in font nullfont!
Missing character: There is no i in font nullfont!
Missing character: There is no t in font nullfont!
Missing character: There is no y in font nullfont!

Underfull \hbox (badness 10000) in paragraph at lines 248--248

 []


Underfull \hbox (badness 10000) in paragraph at lines 248--248

 []


Underfull \hbox (badness 10000) in paragraph at lines 248--248

 []


Underfull \hbox (badness 10000) in paragraph at lines 248--248

 []


Underfull \hbox (badness 10000) in paragraph at lines 248--248

 []


Overfull \hbox (8191.99998pt too wide) in paragraph at lines 248--249
[][] 
 []

)
! Emergency stop.
<*> ...plate/_extensions/gsuthesis/before-body.tex
                                                  
*** (job aborted, no legal \end found)

 
Here is how much of TeX's memory you used:
 57 strings out of 477177
 1291 string characters out of 5812317
 1920244 words of memory out of 5000000
 21150 multiletter control sequences out of 15000+600000
 558684 words of font info for 38 fonts, out of 8000000 for 9000
 14 hyphenation exceptions out of 8191
 22i,5n,28p,243b,152s stack positions out of 10000i,1000n,20000p,200000b,200000s
!  ==> Fatal error occurred, no output PDF file produced!
